<?xml version="1.0" encoding="UTF-8"?>
<!-- Generated by org.testng.reporters.JUnitReportReporter -->
<testsuite hostname="LPCAIQ0797" failures="0" tests="2" name="runners.TestRunner" time="34.994" errors="0" timestamp="2022-11-12T20:02:07 EET" skipped="0">
  <testcase classname="runners.TestRunner" name="runScenario" time="19.918"/>
  <system-out/>
  <testcase classname="runners.TestRunner" name="runScenario" time="15.076"/>
  <system-out/>
</testsuite> <!-- runners.TestRunner -->
